<?xml version="1.0" encoding="UTF-8"?>
<!-- Generated by org.testng.reporters.JUnitXMLReporter -->
<testsuite hostname="DESKTOP-R0QK2O8" ignored="2" name="Learning TestNG Test" tests="3" failures="1" timestamp="13 May 2018 16:37:22 GMT" time="8.995" errors="0">
  <testcase name="testcase5" time="0.01" classname="day6.Testing1"/>
  <testcase name="login" time="0.0" classname="day6.Guru99Project">
    <failure type="org.testng.TestNGException" message="
Parameter &amp;apos;username&amp;apos; is required by @Test on method login but has not been marked @Optional or defined
in C:\Users\Saurabh Dhingra\workspace\EdurekaProject28042018\testNg\ClassExecution.xml">
      <![CDATA[org.testng.TestNGException: 
Parameter 'username' is required by @Test on method login but has not been marked @Optional or defined
in C:\Users\Saurabh Dhingra\workspace\EdurekaProject28042018\testNg\ClassExecution.xml
... Removed 23 stack frames]]>
    </failure>
  </testcase> <!-- login -->
  <testcase name="testcase12" time="0.002" classname="day6.Testing1"/>
  <testcase name="testcase6" time="0.0" classname="day6.Testing1">
    <ignored/>
  </testcase> <!-- testcase6 -->
  <testcase name="testcase1" time="0.0" classname="day6.Testing1">
    <ignored/>
  </testcase> <!-- testcase1 -->
</testsuite> <!-- Learning TestNG Test -->
